<?xml version="1.0" encoding="UTF-8"?>
<testng-results skipped="0" failed="0" ignored="0" total="1" passed="1">
  <reporter-output>
  </reporter-output>
  <suite name="Default suite" duration-ms="1364" started-at="2017-12-09T06:53:24Z" finished-at="2017-12-09T06:53:25Z">
    <groups>
    </groups>
    <test name="Default test" duration-ms="1364" started-at="2017-12-09T06:53:24Z" finished-at="2017-12-09T06:53:25Z">
      <class name="excellearn.CreatehtmlReports">
        <test-method status="PASS" signature="Report()[pri:0, instance:excellearn.CreatehtmlReports@1c27452]" name="Report" duration-ms="1283" started-at="2017-12-09T12:23:24Z" finished-at="2017-12-09T12:23:25Z">
          <reporter-output>
          </reporter-output>
        </test-method> <!-- Report -->
      </class> <!-- excellearn.CreatehtmlReports -->
    </test> <!-- Default test -->
  </suite> <!-- Default suite -->
</testng-results>
